<?xml version="1.0" encoding="UTF-8"?>
<!-- Generated by org.testng.reporters.JUnitReportReporter -->
<testsuite hostname="TRPRDHW40VJR-L" failures="0" tests="2" name="Tests_UI.Tests" time="66.074" errors="0" timestamp="2021-07-16T17:25:31 IST" skipped="0">
  <testcase classname="Tests_UI.Tests" name="flipkartPrintThePriceOfTheProduct" time="18.497"/>
  <system-out/>
  <testcase classname="Tests_UI.Tests" name="priceComparisionBetweenFlipKartAndAmazon" time="47.577"/>
  <system-out/>
</testsuite> <!-- Tests_UI.Tests -->
