<?xml version="1.0" encoding="UTF-8"?>
<!-- Generated by org.testng.reporters.JUnitReportReporter -->
<testsuite skipped="0" hostname="TRPRDHW40VJR-L" name="Tests_UI.Tests" tests="2" failures="0" timestamp="2021-07-17T21:18:41 IST" time="81.692" errors="0">
  <testcase name="flipkartPrintThePriceOfTheProduct" time="17.612" classname="Tests_UI.Tests"/>
  <system-out/>
  <testcase name="priceComparisionBetweenFlipKartAndAmazon" time="64.080" classname="Tests_UI.Tests"/>
  <system-out/>
</testsuite> <!-- Tests_UI.Tests -->
