<?xml version="1.0" encoding="UTF-8"?>
<!-- Generated by org.testng.reporters.JUnitReportReporter -->
<testsuite hostname="TRPRDHW40VJR-L" failures="0" tests="1" name="Tests_UI.Tests" time="63.908" errors="0" timestamp="2021-07-15T21:44:53 IST" skipped="0">
  <testcase classname="Tests_UI.Tests" name="priceComparisionBetweenFlipKartAndAmazon" time="63.908"/>
  <system-out/>
</testsuite> <!-- Tests_UI.Tests -->
